Message sent from 166 to 0 - 
  REGISTER([John Joseph the 4573rd, [255, 0, 127], 3])
Message sent from 166 to 0 - 
  SCMD([ROT, {DEG=-213}])
Message sent from 166 to 0 - 
  SCMD([ROT, {DEG=1}])
Message sent from 166 to 0 - 
  SCMD([THRST, {DUR=0.3, BLOCK=true, DIR=B, PER=0.3}])
Message sent from 166 to 0 - 
  SCMD([THRST, {DUR=0.3, BLOCK=true, DIR=B, PER=0.3}])
Message sent from 166 to 0 - 
  SCMD([THRST, {DUR=0.3, BLOCK=true, DIR=B, PER=0.3}])
Message sent from 166 to 0 - 
  SCMD([THRST, {DUR=0.3, BLOCK=true, DIR=B, PER=0.3}])
Message sent from 166 to 0 - 
  SCMD([THRST, {DUR=0.3, BLOCK=true, DIR=B, PER=0.3}])
Message sent from 166 to 0 - 
  SCMD([THRST, {DUR=0.3, BLOCK=true, DIR=B, PER=0.3}])
Message sent from 166 to 0 - 
  SCMD([THRST, {DUR=0.3, BLOCK=true, DIR=B, PER=0.3}])
Message sent from 166 to 0 - 
  SCMD([THRST, {DUR=0.3, BLOCK=true, DIR=B, PER=0.3}])
Message sent from 166 to 0 - 
  SCMD([THRST, {DUR=0.3, BLOCK=true, DIR=B, PER=0.3}])
Message sent from 166 to 0 - 
  SCMD([THRST, {DUR=0.3, BLOCK=true, DIR=B, PER=0.3}])
Message sent from 166 to 0 - 
  SCMD([THRST, {DUR=0.3, BLOCK=true, DIR=B, PER=0.3}])
Message sent from 166 to 0 - 
  SCMD([THRST, {DUR=0.3, BLOCK=true, DIR=B, PER=0.3}])
Message sent from 166 to 0 - 
  SCMD([THRST, {DUR=0.3, BLOCK=true, DIR=B, PER=0.3}])
Message sent from 166 to 0 - 
  SCMD([THRST, {DUR=0.3, BLOCK=true, DIR=B, PER=0.3}])
Message sent from 166 to 0 - 
  SCMD([THRST, {DUR=0.3, BLOCK=true, DIR=B, PER=0.3}])
Message sent from 166 to 0 - 
  SCMD([THRST, {DUR=0.3, BLOCK=true, DIR=B, PER=0.3}])
Message sent from 166 to 0 - 
  SCMD([THRST, {DUR=0.3, BLOCK=true, DIR=B, PER=0.3}])
Message sent from 166 to 0 - 
  SCMD([THRST, {DUR=0.3, BLOCK=true, DIR=B, PER=0.3}])
Message sent from 166 to 0 - 
  SCMD([THRST, {DUR=0.3, BLOCK=true, DIR=B, PER=0.3}])
Message sent from 166 to 0 - 
  SCMD([THRST, {DUR=0.3, BLOCK=true, DIR=B, PER=0.3}])
Message sent from 166 to 0 - 
  SCMD([THRST, {DUR=0.3, BLOCK=true, DIR=B, PER=0.3}])
Message sent from 166 to 0 - 
  SCMD([THRST, {DUR=0.3, BLOCK=true, DIR=B, PER=0.3}])
Message sent from 166 to 0 - 
  SCMD([THRST, {DUR=0.3, BLOCK=true, DIR=B, PER=0.3}])
Message sent from 166 to 0 - 
  SCMD([THRST, {DUR=0.3, BLOCK=true, DIR=B, PER=0.3}])
Message sent from 166 to 0 - 
  SCMD([THRST, {DUR=0.3, BLOCK=true, DIR=B, PER=0.3}])
Message sent from 166 to 0 - 
  SCMD([THRST, {DUR=0.3, BLOCK=true, DIR=B, PER=0.3}])
Message sent from 166 to 0 - 
  SCMD([THRST, {DUR=0.3, BLOCK=true, DIR=B, PER=0.3}])
Message sent from 166 to 0 - 
  SCMD([THRST, {DUR=0.3, BLOCK=true, DIR=B, PER=0.3}])
Message sent from 166 to 0 - 
  SCMD([ROT, {DEG=-1}])
Message sent from 166 to 0 - 
  SCMD([ROT, {DEG=1}])
Message sent from 166 to 0 - 
  SCMD([ROT, {DEG=-1}])
Message sent from 166 to 0 - 
  SCMD([THRST, {DUR=0.3, BLOCK=true, DIR=B, PER=0.3}])
Message sent from 166 to 0 - 
  SCMD([THRST, {DUR=0.3, BLOCK=true, DIR=B, PER=0.3}])
Message sent from 166 to 0 - 
  SCMD([THRST, {DUR=0.3, BLOCK=true, DIR=B, PER=0.3}])
Message sent from 166 to 0 - 
  SCMD([THRST, {DUR=0.3, BLOCK=true, DIR=B, PER=0.3}])
Message sent from 166 to 0 - 
  SCMD([THRST, {DUR=0.3, BLOCK=true, DIR=B, PER=0.3}])
Message sent from 166 to 0 - 
  SCMD([THRST, {DUR=0.3, BLOCK=true, DIR=B, PER=0.3}])
Message sent from 166 to 0 - 
  SCMD([THRST, {DUR=0.3, BLOCK=true, DIR=B, PER=0.3}])
Message sent from 166 to 0 - 
  SCMD([THRST, {DUR=0.3, BLOCK=true, DIR=B, PER=0.3}])
Message sent from 166 to 0 - 
  SCMD([THRST, {DUR=0.3, BLOCK=true, DIR=B, PER=0.3}])
Message sent from 166 to 0 - 
  SCMD([THRST, {DUR=0.3, BLOCK=true, DIR=B, PER=0.3}])
Message sent from 166 to 0 - 
  SCMD([THRST, {DUR=0.3, BLOCK=true, DIR=B, PER=0.3}])
Message sent from 166 to 0 - 
  SCMD([THRST, {DUR=0.3, BLOCK=true, DIR=B, PER=0.3}])
Message sent from 166 to 0 - 
  SCMD([THRST, {DUR=0.3, BLOCK=true, DIR=B, PER=0.3}])
Message sent from 166 to 0 - 
  SCMD([THRST, {DUR=0.3, BLOCK=true, DIR=B, PER=0.3}])
Message sent from 166 to 0 - 
  SCMD([THRST, {DUR=0.3, BLOCK=true, DIR=B, PER=0.3}])
Message sent from 166 to 0 - 
  SCMD([THRST, {DUR=0.3, BLOCK=true, DIR=B, PER=0.3}])
Message sent from 166 to 0 - 
  SCMD([ROT, {DEG=-1}])
Message sent from 166 to 0 - 
  SCMD([THRST, {DUR=0.3, BLOCK=true, DIR=B, PER=0.3}])
Message sent from 166 to 0 - 
  SCMD([THRST, {DUR=0.3, BLOCK=true, DIR=B, PER=0.3}])
Message sent from 166 to 0 - 
  SCMD([THRST, {DUR=0.3, BLOCK=true, DIR=B, PER=0.3}])
Message sent from 166 to 0 - 
  SCMD([THRST, {DUR=0.3, BLOCK=true, DIR=B, PER=0.3}])
Message sent from 166 to 0 - 
  SCMD([THRST, {DUR=0.3, BLOCK=true, DIR=B, PER=0.3}])
Message sent from 166 to 0 - 
  SCMD([ROT, {DEG=-1}])
Message sent from 166 to 0 - 
  SCMD([THRST, {DUR=0.3, BLOCK=true, DIR=B, PER=0.3}])
Message sent from 166 to 0 - 
  SCMD([THRST, {DUR=0.3, BLOCK=true, DIR=B, PER=0.3}])
Message sent from 166 to 0 - 
  SCMD([THRST, {DUR=0.3, BLOCK=true, DIR=B, PER=0.3}])
Message sent from 166 to 0 - 
  SCMD([ROT, {DEG=-1}])
Message sent from 166 to 0 - 
  SCMD([ROT, {DEG=-1}])
Message sent from 166 to 0 - 
  SCMD([THRST, {DUR=0.3, BLOCK=true, DIR=B, PER=0.3}])
Message sent from 166 to 0 - 
  SCMD([ROT, {DEG=-1}])
Message sent from 166 to 0 - 
  SCMD([BRAKE, {PER=0.12}])
Message sent from 166 to 0 - 
  SCMD([ROT, {DEG=194}])
Message sent from 166 to 0 - 
  SCMD([ROT, {DEG=-1}])
Message sent from 166 to 0 - 
  SCMD([BRAKE, {PER=0.12}])
Message sent from 166 to 0 - 
  SCMD([BRAKE, {PER=0.12}])
Message sent from 166 to 0 - 
  SCMD([BRAKE, {PER=0.12}])
Message sent from 166 to 0 - 
  SCMD([BRAKE, {PER=0.12}])
Message sent from 166 to 0 - 
  SCMD([BRAKE, {PER=0.12}])
Message sent from 166 to 0 - 
  SCMD([BRAKE, {PER=0.12}])
Message sent from 166 to 0 - 
  SCMD([BRAKE, {PER=0.12}])
Message sent from 166 to 0 - 
  SCMD([BRAKE, {PER=0.12}])
Message sent from 166 to 0 - 
  SCMD([BRAKE, {PER=0.12}])
Message sent from 166 to 0 - 
  SCMD([BRAKE, {PER=0.12}])
Message sent from 166 to 0 - 
  SCMD([BRAKE, {PER=0.12}])
Message sent from 166 to 0 - 
  SCMD([BRAKE, {PER=0.12}])
Message sent from 166 to 0 - 
  SCMD([BRAKE, {PER=0.12}])
Message sent from 166 to 0 - 
  SCMD([BRAKE, {PER=0.12}])
Message sent from 166 to 0 - 
  SCMD([ROT, {DEG=-156}])
Message sent from 166 to 0 - 
  SCMD([THRST, {DUR=0.3, BLOCK=true, DIR=B, PER=0.3}])
Message sent from 166 to 0 - 
  SCMD([THRST, {DUR=0.3, BLOCK=true, DIR=B, PER=0.3}])
Message sent from 166 to 0 - 
  SCMD([THRST, {DUR=0.3, BLOCK=true, DIR=B, PER=0.3}])
Message sent from 166 to 0 - 
  SCMD([THRST, {DUR=0.3, BLOCK=true, DIR=B, PER=0.3}])
Message sent from 166 to 0 - 
  SCMD([THRST, {DUR=0.3, BLOCK=true, DIR=B, PER=0.3}])
Message sent from 166 to 0 - 
  SCMD([THRST, {DUR=0.3, BLOCK=true, DIR=B, PER=0.3}])
Message sent from 166 to 0 - 
  SCMD([THRST, {DUR=0.3, BLOCK=true, DIR=B, PER=0.3}])
Message sent from 166 to 0 - 
  SCMD([THRST, {DUR=0.3, BLOCK=true, DIR=B, PER=0.3}])
Message sent from 166 to 0 - 
  SCMD([THRST, {DUR=0.3, BLOCK=true, DIR=B, PER=0.3}])
Message sent from 166 to 0 - 
  SCMD([THRST, {DUR=0.3, BLOCK=true, DIR=B, PER=0.3}])
Message sent from 166 to 0 - 
  SCMD([THRST, {DUR=0.3, BLOCK=true, DIR=B, PER=0.3}])
Message sent from 166 to 0 - 
  SCMD([THRST, {DUR=0.3, BLOCK=true, DIR=B, PER=0.3}])
Message sent from 166 to 0 - 
  SCMD([THRST, {DUR=0.3, BLOCK=true, DIR=B, PER=0.3}])
Message sent from 166 to 0 - 
  SCMD([THRST, {DUR=0.3, BLOCK=true, DIR=B, PER=0.3}])
Message sent from 166 to 0 - 
  SCMD([THRST, {DUR=0.3, BLOCK=true, DIR=B, PER=0.3}])
Message sent from 166 to 0 - 
  SCMD([THRST, {DUR=0.3, BLOCK=true, DIR=B, PER=0.3}])
Message sent from 166 to 0 - 
  SCMD([THRST, {DUR=0.3, BLOCK=true, DIR=B, PER=0.3}])
Message sent from 166 to 0 - 
  SCMD([THRST, {DUR=0.3, BLOCK=true, DIR=B, PER=0.3}])
Message sent from 166 to 0 - 
  SCMD([THRST, {DUR=0.3, BLOCK=true, DIR=B, PER=0.3}])
Message sent from 166 to 0 - 
  SCMD([THRST, {DUR=0.3, BLOCK=true, DIR=B, PER=0.3}])
Message sent from 166 to 0 - 
  SCMD([THRST, {DUR=0.3, BLOCK=true, DIR=B, PER=0.3}])
Message sent from 166 to 0 - 
  SCMD([THRST, {DUR=0.3, BLOCK=true, DIR=B, PER=0.3}])
Message sent from 166 to 0 - 
  SCMD([THRST, {DUR=0.3, BLOCK=true, DIR=B, PER=0.3}])
Message sent from 166 to 0 - 
  SCMD([THRST, {DUR=0.3, BLOCK=true, DIR=B, PER=0.3}])
Message sent from 166 to 0 - 
  SCMD([THRST, {DUR=0.3, BLOCK=true, DIR=B, PER=0.3}])
Message sent from 166 to 0 - 
  SCMD([THRST, {DUR=0.3, BLOCK=true, DIR=B, PER=0.3}])
Message sent from 166 to 0 - 
  SCMD([THRST, {DUR=0.3, BLOCK=true, DIR=B, PER=0.3}])
Message sent from 166 to 0 - 
  SCMD([THRST, {DUR=0.3, BLOCK=true, DIR=B, PER=0.3}])
Message sent from 166 to 0 - 
  SCMD([THRST, {DUR=0.3, BLOCK=true, DIR=B, PER=0.3}])
Message sent from 166 to 0 - 
  SCMD([THRST, {DUR=0.3, BLOCK=true, DIR=B, PER=0.3}])
Message sent from 166 to 0 - 
  SCMD([THRST, {DUR=0.3, BLOCK=true, DIR=B, PER=0.3}])
Message sent from 166 to 0 - 
  SCMD([THRST, {DUR=0.3, BLOCK=true, DIR=B, PER=0.3}])
Message sent from 166 to 0 - 
  SCMD([THRST, {DUR=0.3, BLOCK=true, DIR=B, PER=0.3}])
Message sent from 166 to 0 - 
  SCMD([THRST, {DUR=0.3, BLOCK=true, DIR=B, PER=0.3}])
Message sent from 166 to 0 - 
  SCMD([THRST, {DUR=0.3, BLOCK=true, DIR=B, PER=0.3}])
Message sent from 166 to 0 - 
  SCMD([THRST, {DUR=0.3, BLOCK=true, DIR=B, PER=0.3}])
Message sent from 166 to 0 - 
  SCMD([THRST, {DUR=0.3, BLOCK=true, DIR=B, PER=0.3}])
Message sent from 166 to 0 - 
  SCMD([THRST, {DUR=0.3, BLOCK=true, DIR=B, PER=0.3}])
Message sent from 166 to 0 - 
  SCMD([THRST, {DUR=0.3, BLOCK=true, DIR=B, PER=0.3}])
Message sent from 166 to 0 - 
  SCMD([THRST, {DUR=0.3, BLOCK=true, DIR=B, PER=0.3}])
Message sent from 166 to 0 - 
  SCMD([THRST, {DUR=0.3, BLOCK=true, DIR=B, PER=0.3}])
Message sent from 166 to 0 - 
  SCMD([THRST, {DUR=0.3, BLOCK=true, DIR=B, PER=0.3}])
Message sent from 166 to 0 - 
  SCMD([THRST, {DUR=0.3, BLOCK=true, DIR=B, PER=0.3}])
Message sent from 166 to 0 - 
  SCMD([THRST, {DUR=0.3, BLOCK=true, DIR=B, PER=0.3}])
Message sent from 166 to 0 - 
  SCMD([THRST, {DUR=0.3, BLOCK=true, DIR=B, PER=0.3}])
Message sent from 166 to 0 - 
  SCMD([THRST, {DUR=0.3, BLOCK=true, DIR=B, PER=0.3}])
Message sent from 166 to 0 - 
  SCMD([THRST, {DUR=0.3, BLOCK=true, DIR=B, PER=0.3}])
Message sent from 166 to 0 - 
  SCMD([ROT, {DEG=-1}])
Message sent from 166 to 0 - 
  SCMD([ROT, {DEG=1}])
Message sent from 166 to 0 - 
  SCMD([ROT, {DEG=-1}])
Message sent from 166 to 0 - 
  SCMD([ROT, {DEG=1}])
Message sent from 166 to 0 - 
  SCMD([ROT, {DEG=-1}])
Message sent from 166 to 0 - 
  SCMD([ROT, {DEG=1}])
Message sent from 166 to 0 - 
  SCMD([ROT, {DEG=-1}])
Message sent from 166 to 0 - 
  SCMD([THRST, {DUR=0.3, BLOCK=true, DIR=B, PER=0.3}])
Message sent from 166 to 0 - 
  SCMD([THRST, {DUR=0.3, BLOCK=true, DIR=B, PER=0.3}])
Message sent from 166 to 0 - 
  SCMD([THRST, {DUR=0.3, BLOCK=true, DIR=B, PER=0.3}])
Message sent from 166 to 0 - 
  SCMD([THRST, {DUR=0.3, BLOCK=true, DIR=B, PER=0.3}])
Message sent from 166 to 0 - 
  SCMD([THRST, {DUR=0.3, BLOCK=true, DIR=B, PER=0.3}])
Message sent from 166 to 0 - 
  SCMD([THRST, {DUR=0.3, BLOCK=true, DIR=B, PER=0.3}])
Message sent from 166 to 0 - 
  SCMD([THRST, {DUR=0.3, BLOCK=true, DIR=B, PER=0.3}])
Message sent from 166 to 0 - 
  SCMD([THRST, {DUR=0.3, BLOCK=true, DIR=B, PER=0.3}])
Message sent from 166 to 0 - 
  SCMD([ROT, {DEG=-1}])
Message sent from 166 to 0 - 
  SCMD([ROT, {DEG=1}])
Message sent from 166 to 0 - 
  SCMD([ROT, {DEG=-1}])
Message sent from 166 to 0 - 
  SCMD([THRST, {DUR=0.3, BLOCK=true, DIR=B, PER=0.3}])
Message sent from 166 to 0 - 
  SCMD([THRST, {DUR=0.3, BLOCK=true, DIR=B, PER=0.3}])
Message sent from 166 to 0 - 
  SCMD([THRST, {DUR=0.3, BLOCK=true, DIR=B, PER=0.3}])
Message sent from 166 to 0 - 
  SCMD([ROT, {DEG=-1}])
Message sent from 166 to 0 - 
  SCMD([ROT, {DEG=1}])
Message sent from 166 to 0 - 
  SCMD([ROT, {DEG=-1}])
Message sent from 166 to 0 - 
  SCMD([THRST, {DUR=0.3, BLOCK=true, DIR=B, PER=0.3}])
Message sent from 166 to 0 - 
  SCMD([THRST, {DUR=0.3, BLOCK=true, DIR=B, PER=0.3}])
Message sent from 166 to 0 - 
  SCMD([ROT, {DEG=-1}])
Message sent from 166 to 0 - 
  SCMD([THRST, {DUR=0.3, BLOCK=true, DIR=B, PER=0.3}])
Message sent from 166 to 0 - 
  SCMD([ROT, {DEG=-1}])
Message sent from 166 to 0 - 
  SCMD([ROT, {DEG=-1}])
Message sent from 166 to 0 - 
  SCMD([BRAKE, {PER=0.12}])
Message sent from 166 to 0 - 
  SCMD([ROT, {DEG=193}])
Message sent from 166 to 0 - 
  SCMD([ROT, {DEG=-1}])
Message sent from 166 to 0 - 
  SCMD([THRST, {DUR=0.3, BLOCK=true, DIR=B, PER=0.3}])
Message sent from 166 to 0 - 
  SCMD([THRST, {DUR=0.3, BLOCK=true, DIR=B, PER=0.3}])
Message sent from 166 to 0 - 
  SCMD([ROT, {DEG=-1}])
Message sent from 166 to 0 - 
  SCMD([THRST, {DUR=0.3, BLOCK=true, DIR=B, PER=0.3}])
Message sent from 166 to 0 - 
  SCMD([ROT, {DEG=1}])
Message sent from 166 to 0 - 
  SCMD([THRST, {DUR=0.3, BLOCK=true, DIR=B, PER=0.3}])
Message sent from 166 to 0 - 
  SCMD([ROT, {DEG=-224}])
Message sent from 166 to 0 - 
  SCMD([THRST, {DUR=0.3, BLOCK=true, DIR=B, PER=0.3}])
Message sent from 166 to 0 - 
  SCMD([THRST, {DUR=0.3, BLOCK=true, DIR=B, PER=0.3}])
Message sent from 166 to 0 - 
  SCMD([ROT, {DEG=-1}])
Message sent from 166 to 0 - 
  SCMD([THRST, {DUR=0.3, BLOCK=true, DIR=B, PER=0.3}])
Message sent from 166 to 0 - 
  SCMD([THRST, {DUR=0.3, BLOCK=true, DIR=B, PER=0.3}])
Message sent from 166 to 0 - 
  SCMD([THRST, {DUR=0.3, BLOCK=true, DIR=B, PER=0.3}])
Message sent from 166 to 0 - 
  SCMD([THRST, {DUR=0.3, BLOCK=true, DIR=B, PER=0.3}])
Message sent from 166 to 0 - 
  SCMD([THRST, {DUR=0.3, BLOCK=true, DIR=B, PER=0.3}])
Message sent from 166 to 0 - 
  SCMD([THRST, {DUR=0.3, BLOCK=true, DIR=B, PER=0.3}])
Message sent from 166 to 0 - 
  SCMD([THRST, {DUR=0.3, BLOCK=true, DIR=B, PER=0.3}])
Message sent from 166 to 0 - 
  SCMD([THRST, {DUR=0.3, BLOCK=true, DIR=B, PER=0.3}])
Message sent from 166 to 0 - 
  SCMD([THRST, {DUR=0.3, BLOCK=true, DIR=B, PER=0.3}])
Message sent from 166 to 0 - 
  SCMD([THRST, {DUR=0.3, BLOCK=true, DIR=B, PER=0.3}])
Message sent from 166 to 0 - 
  SCMD([THRST, {DUR=0.3, BLOCK=true, DIR=B, PER=0.3}])
Message sent from 166 to 0 - 
  SCMD([THRST, {DUR=0.3, BLOCK=true, DIR=B, PER=0.3}])
Message sent from 166 to 0 - 
  SCMD([THRST, {DUR=0.3, BLOCK=true, DIR=B, PER=0.3}])
Message sent from 166 to 0 - 
  SCMD([THRST, {DUR=0.3, BLOCK=true, DIR=B, PER=0.3}])
Message sent from 166 to 0 - 
  SCMD([THRST, {DUR=0.3, BLOCK=true, DIR=B, PER=0.3}])
Message sent from 166 to 0 - 
  SCMD([THRST, {DUR=0.3, BLOCK=true, DIR=B, PER=0.3}])
Message sent from 166 to 0 - 
  SCMD([ROT, {DEG=-1}])
Message sent from 166 to 0 - 
  SCMD([THRST, {DUR=0.3, BLOCK=true, DIR=B, PER=0.3}])
Message sent from 166 to 0 - 
  SCMD([THRST, {DUR=0.3, BLOCK=true, DIR=B, PER=0.3}])
Message sent from 166 to 0 - 
  SCMD([THRST, {DUR=0.3, BLOCK=true, DIR=B, PER=0.3}])
Message sent from 166 to 0 - 
  SCMD([THRST, {DUR=0.3, BLOCK=true, DIR=B, PER=0.3}])
Message sent from 166 to 0 - 
  SCMD([THRST, {DUR=0.3, BLOCK=true, DIR=B, PER=0.3}])
Message sent from 166 to 0 - 
  SCMD([THRST, {DUR=0.3, BLOCK=true, DIR=B, PER=0.3}])
Message sent from 166 to 0 - 
  SCMD([THRST, {DUR=0.3, BLOCK=true, DIR=B, PER=0.3}])
Message sent from 166 to 0 - 
  SCMD([THRST, {DUR=0.3, BLOCK=true, DIR=B, PER=0.3}])
Message sent from 166 to 0 - 
  SCMD([THRST, {DUR=0.3, BLOCK=true, DIR=B, PER=0.3}])
Message sent from 166 to 0 - 
  SCMD([THRST, {DUR=0.3, BLOCK=true, DIR=B, PER=0.3}])
Message sent from 166 to 0 - 
  SCMD([THRST, {DUR=0.3, BLOCK=true, DIR=B, PER=0.3}])
Message sent from 166 to 0 - 
  SCMD([THRST, {DUR=0.3, BLOCK=true, DIR=B, PER=0.3}])
Message sent from 166 to 0 - 
  SCMD([ROT, {DEG=-1}])
Message sent from 166 to 0 - 
  SCMD([THRST, {DUR=0.3, BLOCK=true, DIR=B, PER=0.3}])
Message sent from 166 to 0 - 
  SCMD([THRST, {DUR=0.3, BLOCK=true, DIR=B, PER=0.3}])
Message sent from 166 to 0 - 
  SCMD([THRST, {DUR=0.3, BLOCK=true, DIR=B, PER=0.3}])
Message sent from 166 to 0 - 
  SCMD([THRST, {DUR=0.3, BLOCK=true, DIR=B, PER=0.3}])
Message sent from 166 to 0 - 
  SCMD([THRST, {DUR=0.3, BLOCK=true, DIR=B, PER=0.3}])
Message sent from 166 to 0 - 
  SCMD([THRST, {DUR=0.3, BLOCK=true, DIR=B, PER=0.3}])
Message sent from 166 to 0 - 
  SCMD([ROT, {DEG=-1}])
Message sent from 166 to 0 - 
  SCMD([THRST, {DUR=0.3, BLOCK=true, DIR=B, PER=0.3}])
Message sent from 166 to 0 - 
  SCMD([THRST, {DUR=0.3, BLOCK=true, DIR=B, PER=0.3}])
Message sent from 166 to 0 - 
  SCMD([THRST, {DUR=0.3, BLOCK=true, DIR=B, PER=0.3}])
Message sent from 166 to 0 - 
  SCMD([THRST, {DUR=0.3, BLOCK=true, DIR=B, PER=0.3}])
Message sent from 166 to 0 - 
  SCMD([ROT, {DEG=-1}])
Message sent from 166 to 0 - 
  SCMD([THRST, {DUR=0.3, BLOCK=true, DIR=B, PER=0.3}])
Message sent from 166 to 0 - 
  SCMD([THRST, {DUR=0.3, BLOCK=true, DIR=B, PER=0.3}])
Message sent from 166 to 0 - 
  SCMD([THRST, {DUR=0.3, BLOCK=true, DIR=B, PER=0.3}])
Message sent from 166 to 0 - 
  SCMD([ROT, {DEG=-1}])
Message sent from 166 to 0 - 
  SCMD([THRST, {DUR=0.3, BLOCK=true, DIR=B, PER=0.3}])
Message sent from 166 to 0 - 
  SCMD([THRST, {DUR=0.3, BLOCK=true, DIR=B, PER=0.3}])
Message sent from 166 to 0 - 
  SCMD([THRST, {DUR=0.3, BLOCK=true, DIR=B, PER=0.3}])
Message sent from 166 to 0 - 
  SCMD([ROT, {DEG=-1}])
Message sent from 166 to 0 - 
  SCMD([THRST, {DUR=0.3, BLOCK=true, DIR=B, PER=0.3}])
Message sent from 166 to 0 - 
  SCMD([ROT, {DEG=-1}])
Message sent from 166 to 0 - 
  SCMD([THRST, {DUR=0.3, BLOCK=true, DIR=B, PER=0.3}])
Message sent from 166 to 0 - 
  SCMD([ROT, {DEG=-1}])
Message sent from 166 to 0 - 
  MWNL2_DISCONNECT(null)
